[32m2026-03-02 19:49:27 +0100[0m - dagster - [34mDEBUG[0m - __ASSET_JOB - 33cee40f-cf9a-4d9f-b468-dec523ea83a8 - 37607 - LOGS_CAPTURED - Started capturing logs in process (pid: 37607).
[32m2026-03-02 19:49:27 +0100[0m - dagster - [34mDEBUG[0m - __ASSET_JOB - 33cee40f-cf9a-4d9f-b468-dec523ea83a8 - 37607 - crypto_dbt_assets - STEP_START - Started execution of step "crypto_dbt_assets".
[32m2026-03-02 19:49:27 +0100[0m - dagster - [34mINFO[0m - __ASSET_JOB - 33cee40f-cf9a-4d9f-b468-dec523ea83a8 - crypto_dbt_assets - A dbt subsetted execution is not being performed. Using the default dbt selection arguments `['--select', 'fqn:*']`.
[32m2026-03-02 19:49:29 +0100[0m - dagster - [34mWARNING[0m - __ASSET_JOB - 33cee40f-cf9a-4d9f-b468-dec523ea83a8 - crypto_dbt_assets - An error was encountered when creating a handle to the dbt adapter in Dagster.
Traceback (most recent call last):
  File "/Users/mirnadellamonicaioshida/Desktop/crypto_data/.venv/lib/python3.13/site-packages/dagster_dbt/core/resource.py", line 700, in cli
    adapter = self._initialize_dbt_core_adapter(args)
  File "/Users/mirnadellamonicaioshida/Desktop/crypto_data/.venv/lib/python3.13/site-packages/dagster_dbt/core/resource.py", line 381, in _initialize_dbt_core_adapter
    profile = load_profile(self.project_dir, cli_vars, self.profile, self.target)
  File "/Users/mirnadellamonicaioshida/Desktop/crypto_data/.venv/lib/python3.13/site-packages/dbt/config/runtime.py", line 79, in load_profile
    profile = Profile.render(
        profile_renderer, profile_name, profile_name_override, target_override, threads_override
    )
  File "/Users/mirnadellamonicaioshida/Desktop/crypto_data/.venv/lib/python3.13/site-packages/dbt/config/profile.py", line 404, in render
    return cls.from_raw_profiles(
           ~~~~~~~~~~~~~~~~~~~~~^
        raw_profiles=raw_profiles,
        ^^^^^^^^^^^^^^^^^^^^^^^^^^
    ...<3 lines>...
        threads_override=threads_override,
        ^^^^^^^^^^^^^^^^^^^^^^^^^^^^^^^^^^
    )
    ^
  File "/Users/mirnadellamonicaioshida/Desktop/crypto_data/.venv/lib/python3.13/site-packages/dbt/config/profile.py", line 361, in from_raw_profiles
    raise DbtProjectError("Could not find profile named '{}'".format(profile_name))
dbt.exceptions.DbtProjectError: Runtime Error
  Could not find profile named 'crypto_data_profile'
[32m2026-03-02 19:49:29 +0100[0m - dagster - [34mINFO[0m - __ASSET_JOB - 33cee40f-cf9a-4d9f-b468-dec523ea83a8 - crypto_dbt_assets - Copying `/Users/mirnadellamonicaioshida/Desktop/crypto_data/target/partial_parse.msgpack` to `/Users/mirnadellamonicaioshida/Desktop/crypto_data/target/crypto_dbt_assets-33cee40-b9423f8/partial_parse.msgpack` to take advantage of partial parsing.
[32m2026-03-02 19:49:29 +0100[0m - dagster - [34mINFO[0m - __ASSET_JOB - 33cee40f-cf9a-4d9f-b468-dec523ea83a8 - crypto_dbt_assets - Running dbt command: `dbt build --select fqn:*`.
[32m2026-03-02 19:49:31 +0100[0m - dagster - [34mDEBUG[0m - __ASSET_JOB - 33cee40f-cf9a-4d9f-b468-dec523ea83a8 - 37607 - crypto_dbt_assets - STEP_OUTPUT - Yielded output "stg_raw_coin_data" of type "Nothing". (Type check passed).
[32m2026-03-02 19:49:31 +0100[0m - dagster - [34mDEBUG[0m - __ASSET_JOB - 33cee40f-cf9a-4d9f-b468-dec523ea83a8 - 37607 - crypto_dbt_assets - ASSET_MATERIALIZATION - Materialized value stg_raw_coin_data.
[32m2026-03-02 19:49:31 +0100[0m - dagster - [34mDEBUG[0m - __ASSET_JOB - 33cee40f-cf9a-4d9f-b468-dec523ea83a8 - 37607 - crypto_dbt_assets - STEP_OUTPUT - Yielded output "fct_crypto_prices" of type "Nothing". (Type check passed).
[32m2026-03-02 19:49:31 +0100[0m - dagster - [34mDEBUG[0m - __ASSET_JOB - 33cee40f-cf9a-4d9f-b468-dec523ea83a8 - 37607 - crypto_dbt_assets - ASSET_MATERIALIZATION - Materialized value fct_crypto_prices.
[32m2026-03-02 19:49:31 +0100[0m - dagster - [34mDEBUG[0m - __ASSET_JOB - 33cee40f-cf9a-4d9f-b468-dec523ea83a8 - 37607 - crypto_dbt_assets - STEP_OUTPUT - Yielded output "fct_crypto_prices_accepted_values_fct_crypto_prices_is_valid_price__True" of type "Any". (Type check passed).
[32m2026-03-02 19:49:31 +0100[0m - dagster - [34mDEBUG[0m - __ASSET_JOB - 33cee40f-cf9a-4d9f-b468-dec523ea83a8 - 37607 - crypto_dbt_assets - ASSET_CHECK_EVALUATION - Asset check 'accepted_values_fct_crypto_prices_is_valid_price__True' on 'fct_crypto_prices' passed.
[32m2026-03-02 19:49:31 +0100[0m - dagster - [34mDEBUG[0m - __ASSET_JOB - 33cee40f-cf9a-4d9f-b468-dec523ea83a8 - 37607 - crypto_dbt_assets - STEP_OUTPUT - Yielded output "fct_crypto_prices_not_null_fct_crypto_prices_price_eur" of type "Any". (Type check passed).
[32m2026-03-02 19:49:31 +0100[0m - dagster - [34mDEBUG[0m - __ASSET_JOB - 33cee40f-cf9a-4d9f-b468-dec523ea83a8 - 37607 - crypto_dbt_assets - ASSET_CHECK_EVALUATION - Asset check 'not_null_fct_crypto_prices_price_eur' on 'fct_crypto_prices' passed.
[32m2026-03-02 19:49:31 +0100[0m - dagster - [34mDEBUG[0m - __ASSET_JOB - 33cee40f-cf9a-4d9f-b468-dec523ea83a8 - 37607 - crypto_dbt_assets - STEP_OUTPUT - Yielded output "fct_crypto_prices_not_null_fct_crypto_prices_ticker" of type "Any". (Type check passed).
[32m2026-03-02 19:49:31 +0100[0m - dagster - [34mDEBUG[0m - __ASSET_JOB - 33cee40f-cf9a-4d9f-b468-dec523ea83a8 - 37607 - crypto_dbt_assets - ASSET_CHECK_EVALUATION - Asset check 'not_null_fct_crypto_prices_ticker' on 'fct_crypto_prices' passed.
[32m2026-03-02 19:49:31 +0100[0m - dagster - [34mINFO[0m - __ASSET_JOB - 33cee40f-cf9a-4d9f-b468-dec523ea83a8 - crypto_dbt_assets - Finished dbt command: `dbt build --select fqn:*`.
[32m2026-03-02 19:49:31 +0100[0m - dagster - [34mDEBUG[0m - __ASSET_JOB - 33cee40f-cf9a-4d9f-b468-dec523ea83a8 - 37607 - crypto_dbt_assets - STEP_SUCCESS - Finished execution of step "crypto_dbt_assets" in 4.11s.
